05-May-2020 13:59:32.388 정보 [main] org.apache.catalina.startup.VersionLoggerListener.log 서버 버전 이름:        Apache Tomcat/8.5.54
05-May-2020 13:59:32.421 정보 [main] org.apache.catalina.startup.VersionLoggerListener.log Server 빌드 시각:          Apr 3 2020 14:06:10 UTC
05-May-2020 13:59:32.422 정보 [main] org.apache.catalina.startup.VersionLoggerListener.log Server 버전 번호:         8.5.54.0
05-May-2020 13:59:32.422 정보 [main] org.apache.catalina.startup.VersionLoggerListener.log 운영체제 이름:               Windows 10
05-May-2020 13:59:32.422 정보 [main] org.apache.catalina.startup.VersionLoggerListener.log 운영체제 버전:            10.0
05-May-2020 13:59:32.422 정보 [main] org.apache.catalina.startup.VersionLoggerListener.log 아키텍처:          amd64
05-May-2020 13:59:32.422 정보 [main] org.apache.catalina.startup.VersionLoggerListener.log 자바 홈:             C:\Program Files\Java\jdk1.8.0_241\jre
05-May-2020 13:59:32.422 정보 [main] org.apache.catalina.startup.VersionLoggerListener.log JVM 버전:           1.8.0_241-b07
05-May-2020 13:59:32.422 정보 [main] org.apache.catalina.startup.VersionLoggerListener.log JVM 벤더:            Oracle Corporation
05-May-2020 13:59:32.422 정보 [main] org.apache.catalina.startup.VersionLoggerListener.log CATALINA_BASE:         D:\Study\IT\Language\JSP\study\동빈나\JSP 게시판 만들기 강좌 (JSP Advanced Development Tutorial)\tomcat\apache-tomcat-8.5.54
05-May-2020 13:59:32.423 정보 [main] org.apache.catalina.startup.VersionLoggerListener.log CATALINA_HOME:         D:\Study\IT\Language\JSP\study\동빈나\JSP 게시판 만들기 강좌 (JSP Advanced Development Tutorial)\tomcat\apache-tomcat-8.5.54
05-May-2020 13:59:32.424 정보 [main] org.apache.catalina.startup.VersionLoggerListener.log 명령 행 아규먼트: -Djava.util.logging.config.file=D:\Study\IT\Language\JSP\study\동빈나\JSP 게시판 만들기 강좌 (JSP Advanced Development Tutorial)\tomcat\apache-tomcat-8.5.54\conf\logging.properties
05-May-2020 13:59:32.424 정보 [main] org.apache.catalina.startup.VersionLoggerListener.log 명령 행 아규먼트: -Djava.util.logging.manager=org.apache.juli.ClassLoaderLogManager
05-May-2020 13:59:32.425 정보 [main] org.apache.catalina.startup.VersionLoggerListener.log 명령 행 아규먼트: -Djdk.tls.ephemeralDHKeySize=2048
05-May-2020 13:59:32.427 정보 [main] org.apache.catalina.startup.VersionLoggerListener.log 명령 행 아규먼트: -Djava.protocol.handler.pkgs=org.apache.catalina.webresources
05-May-2020 13:59:32.428 정보 [main] org.apache.catalina.startup.VersionLoggerListener.log 명령 행 아규먼트: -Dignore.endorsed.dirs=
05-May-2020 13:59:32.428 정보 [main] org.apache.catalina.startup.VersionLoggerListener.log 명령 행 아규먼트: -Dcatalina.base=D:\Study\IT\Language\JSP\study\동빈나\JSP 게시판 만들기 강좌 (JSP Advanced Development Tutorial)\tomcat\apache-tomcat-8.5.54
05-May-2020 13:59:32.429 정보 [main] org.apache.catalina.startup.VersionLoggerListener.log 명령 행 아규먼트: -Dcatalina.home=D:\Study\IT\Language\JSP\study\동빈나\JSP 게시판 만들기 강좌 (JSP Advanced Development Tutorial)\tomcat\apache-tomcat-8.5.54
05-May-2020 13:59:32.430 정보 [main] org.apache.catalina.startup.VersionLoggerListener.log 명령 행 아규먼트: -Djava.io.tmpdir=D:\Study\IT\Language\JSP\study\동빈나\JSP 게시판 만들기 강좌 (JSP Advanced Development Tutorial)\tomcat\apache-tomcat-8.5.54\temp
05-May-2020 13:59:32.433 정보 [main] org.apache.catalina.core.AprLifecycleListener.lifecycleEvent APR 버전 [1.7.0]을(를) 사용한, APR 기반 Apache Tomcat Native 라이브러리 [1.2.23]을(를) 로드했습니다.
05-May-2020 13:59:32.435 정보 [main] org.apache.catalina.core.AprLifecycleListener.lifecycleEvent APR 용량정보들: IPv6 [true], sendfile [true], accept filters [false], random [true].
05-May-2020 13:59:32.435 정보 [main] org.apache.catalina.core.AprLifecycleListener.lifecycleEvent APR/OpenSSL 설정: useAprConnector [false], useOpenSSL [true]
05-May-2020 13:59:32.441 정보 [main] org.apache.catalina.core.AprLifecycleListener.initializeSSL OpenSSL이 성공적으로 초기화되었습니다: [OpenSSL 1.1.1c  28 May 2019]
05-May-2020 13:59:33.032 정보 [main] org.apache.coyote.AbstractProtocol.init 프로토콜 핸들러 ["http-nio-8080"]을(를) 초기화합니다.
05-May-2020 13:59:33.399 정보 [main] org.apache.tomcat.util.net.NioSelectorPool.getSharedSelector Using a shared selector for servlet write/read
05-May-2020 13:59:33.418 정보 [main] org.apache.catalina.startup.Catalina.load Initialization processed in 1654 ms
05-May-2020 13:59:33.472 정보 [main] org.apache.catalina.core.StandardService.startInternal 서비스 [Catalina]을(를) 시작합니다.
05-May-2020 13:59:33.474 정보 [main] org.apache.catalina.core.StandardEngine.startInternal Starting Servlet Engine: Apache Tomcat/8.5.54
05-May-2020 13:59:33.485 정보 [localhost-startStop-1] org.apache.catalina.startup.HostConfig.deployDirectory 웹 애플리케이션 디렉토리 [D:\Study\IT\Language\JSP\study\동빈나\JSP 게시판 만들기 강좌 (JSP Advanced Development Tutorial)\tomcat\apache-tomcat-8.5.54\webapps\docs]을(를) 배치합니다.
05-May-2020 13:59:33.762 정보 [localhost-startStop-1] org.apache.catalina.startup.HostConfig.deployDirectory 웹 애플리케이션 디렉토리 [D:\Study\IT\Language\JSP\study\동빈나\JSP 게시판 만들기 강좌 (JSP Advanced Development Tutorial)\tomcat\apache-tomcat-8.5.54\webapps\docs]에 대한 배치가 [274] 밀리초에 완료되었습니다.
05-May-2020 13:59:33.765 정보 [localhost-startStop-1] org.apache.catalina.startup.HostConfig.deployDirectory 웹 애플리케이션 디렉토리 [D:\Study\IT\Language\JSP\study\동빈나\JSP 게시판 만들기 강좌 (JSP Advanced Development Tutorial)\tomcat\apache-tomcat-8.5.54\webapps\examples]을(를) 배치합니다.
05-May-2020 13:59:34.576 정보 [localhost-startStop-1] org.apache.catalina.startup.HostConfig.deployDirectory 웹 애플리케이션 디렉토리 [D:\Study\IT\Language\JSP\study\동빈나\JSP 게시판 만들기 강좌 (JSP Advanced Development Tutorial)\tomcat\apache-tomcat-8.5.54\webapps\examples]에 대한 배치가 [811] 밀리초에 완료되었습니다.
05-May-2020 13:59:34.578 정보 [localhost-startStop-1] org.apache.catalina.startup.HostConfig.deployDirectory 웹 애플리케이션 디렉토리 [D:\Study\IT\Language\JSP\study\동빈나\JSP 게시판 만들기 강좌 (JSP Advanced Development Tutorial)\tomcat\apache-tomcat-8.5.54\webapps\host-manager]을(를) 배치합니다.
05-May-2020 13:59:34.626 정보 [localhost-startStop-1] org.apache.catalina.startup.HostConfig.deployDirectory 웹 애플리케이션 디렉토리 [D:\Study\IT\Language\JSP\study\동빈나\JSP 게시판 만들기 강좌 (JSP Advanced Development Tutorial)\tomcat\apache-tomcat-8.5.54\webapps\host-manager]에 대한 배치가 [48] 밀리초에 완료되었습니다.
05-May-2020 13:59:34.629 정보 [localhost-startStop-1] org.apache.catalina.startup.HostConfig.deployDirectory 웹 애플리케이션 디렉토리 [D:\Study\IT\Language\JSP\study\동빈나\JSP 게시판 만들기 강좌 (JSP Advanced Development Tutorial)\tomcat\apache-tomcat-8.5.54\webapps\manager]을(를) 배치합니다.
05-May-2020 13:59:34.670 정보 [localhost-startStop-1] org.apache.catalina.startup.HostConfig.deployDirectory 웹 애플리케이션 디렉토리 [D:\Study\IT\Language\JSP\study\동빈나\JSP 게시판 만들기 강좌 (JSP Advanced Development Tutorial)\tomcat\apache-tomcat-8.5.54\webapps\manager]에 대한 배치가 [42] 밀리초에 완료되었습니다.
05-May-2020 13:59:34.673 정보 [localhost-startStop-1] org.apache.catalina.startup.HostConfig.deployDirectory 웹 애플리케이션 디렉토리 [D:\Study\IT\Language\JSP\study\동빈나\JSP 게시판 만들기 강좌 (JSP Advanced Development Tutorial)\tomcat\apache-tomcat-8.5.54\webapps\ROOT]을(를) 배치합니다.
05-May-2020 13:59:34.697 정보 [localhost-startStop-1] org.apache.catalina.startup.HostConfig.deployDirectory 웹 애플리케이션 디렉토리 [D:\Study\IT\Language\JSP\study\동빈나\JSP 게시판 만들기 강좌 (JSP Advanced Development Tutorial)\tomcat\apache-tomcat-8.5.54\webapps\ROOT]에 대한 배치가 [24] 밀리초에 완료되었습니다.
05-May-2020 13:59:34.702 정보 [main] org.apache.coyote.AbstractProtocol.start 프로토콜 핸들러 ["http-nio-8080"]을(를) 시작합니다.
05-May-2020 13:59:34.712 정보 [main] org.apache.catalina.startup.Catalina.start Server startup in 1291 ms
05-May-2020 14:03:33.664 정보 [Thread-4] org.apache.coyote.AbstractProtocol.pause 프로토콜 핸들러 ["http-nio-8080"]을(를) 일시 정지 중
05-May-2020 14:03:33.895 정보 [Thread-4] org.apache.catalina.core.StandardService.stopInternal 서비스 [Catalina]을(를) 중지시킵니다.
05-May-2020 14:03:33.932 정보 [Thread-4] org.apache.coyote.AbstractProtocol.stop 프로토콜 핸들러 ["http-nio-8080"]을(를) 중지시킵니다.
05-May-2020 14:03:33.942 정보 [Thread-4] org.apache.coyote.AbstractProtocol.destroy 프로토콜 핸들러 ["http-nio-8080"]을(를) 소멸시킵니다.
