02-May-2020 06:30:34.293 정보 [main] org.apache.catalina.startup.VersionLoggerListener.log 서버 버전 이름:        Apache Tomcat/8.5.54
02-May-2020 06:30:34.333 정보 [main] org.apache.catalina.startup.VersionLoggerListener.log Server 빌드 시각:          Apr 3 2020 14:06:10 UTC
02-May-2020 06:30:34.334 정보 [main] org.apache.catalina.startup.VersionLoggerListener.log Server 버전 번호:         8.5.54.0
02-May-2020 06:30:34.334 정보 [main] org.apache.catalina.startup.VersionLoggerListener.log 운영체제 이름:               Windows 10
02-May-2020 06:30:34.334 정보 [main] org.apache.catalina.startup.VersionLoggerListener.log 운영체제 버전:            10.0
02-May-2020 06:30:34.334 정보 [main] org.apache.catalina.startup.VersionLoggerListener.log 아키텍처:          amd64
02-May-2020 06:30:34.334 정보 [main] org.apache.catalina.startup.VersionLoggerListener.log 자바 홈:             C:\Program Files\Java\jdk1.8.0_241\jre
02-May-2020 06:30:34.335 정보 [main] org.apache.catalina.startup.VersionLoggerListener.log JVM 버전:           1.8.0_241-b07
02-May-2020 06:30:34.335 정보 [main] org.apache.catalina.startup.VersionLoggerListener.log JVM 벤더:            Oracle Corporation
02-May-2020 06:30:34.335 정보 [main] org.apache.catalina.startup.VersionLoggerListener.log CATALINA_BASE:         D:\Study\IT\Language\JSP\study\tomcat\apache-tomcat-8.5.54
02-May-2020 06:30:34.335 정보 [main] org.apache.catalina.startup.VersionLoggerListener.log CATALINA_HOME:         D:\Study\IT\Language\JSP\study\tomcat\apache-tomcat-8.5.54
02-May-2020 06:30:34.336 정보 [main] org.apache.catalina.startup.VersionLoggerListener.log 명령 행 아규먼트: -Djava.util.logging.config.file=D:\Study\IT\Language\JSP\study\tomcat\apache-tomcat-8.5.54\conf\logging.properties
02-May-2020 06:30:34.337 정보 [main] org.apache.catalina.startup.VersionLoggerListener.log 명령 행 아규먼트: -Djava.util.logging.manager=org.apache.juli.ClassLoaderLogManager
02-May-2020 06:30:34.338 정보 [main] org.apache.catalina.startup.VersionLoggerListener.log 명령 행 아규먼트: -Djdk.tls.ephemeralDHKeySize=2048
02-May-2020 06:30:34.339 정보 [main] org.apache.catalina.startup.VersionLoggerListener.log 명령 행 아규먼트: -Djava.protocol.handler.pkgs=org.apache.catalina.webresources
02-May-2020 06:30:34.339 정보 [main] org.apache.catalina.startup.VersionLoggerListener.log 명령 행 아규먼트: -Dignore.endorsed.dirs=
02-May-2020 06:30:34.340 정보 [main] org.apache.catalina.startup.VersionLoggerListener.log 명령 행 아규먼트: -Dcatalina.base=D:\Study\IT\Language\JSP\study\tomcat\apache-tomcat-8.5.54
02-May-2020 06:30:34.341 정보 [main] org.apache.catalina.startup.VersionLoggerListener.log 명령 행 아규먼트: -Dcatalina.home=D:\Study\IT\Language\JSP\study\tomcat\apache-tomcat-8.5.54
02-May-2020 06:30:34.345 정보 [main] org.apache.catalina.startup.VersionLoggerListener.log 명령 행 아규먼트: -Djava.io.tmpdir=D:\Study\IT\Language\JSP\study\tomcat\apache-tomcat-8.5.54\temp
02-May-2020 06:30:34.346 정보 [main] org.apache.catalina.core.AprLifecycleListener.lifecycleEvent APR 버전 [1.7.0]을(를) 사용한, APR 기반 Apache Tomcat Native 라이브러리 [1.2.23]을(를) 로드했습니다.
02-May-2020 06:30:34.348 정보 [main] org.apache.catalina.core.AprLifecycleListener.lifecycleEvent APR 용량정보들: IPv6 [true], sendfile [true], accept filters [false], random [true].
02-May-2020 06:30:34.349 정보 [main] org.apache.catalina.core.AprLifecycleListener.lifecycleEvent APR/OpenSSL 설정: useAprConnector [false], useOpenSSL [true]
02-May-2020 06:30:34.356 정보 [main] org.apache.catalina.core.AprLifecycleListener.initializeSSL OpenSSL이 성공적으로 초기화되었습니다: [OpenSSL 1.1.1c  28 May 2019]
02-May-2020 06:30:34.920 정보 [main] org.apache.coyote.AbstractProtocol.init 프로토콜 핸들러 ["http-nio-8080"]을(를) 초기화합니다.
02-May-2020 06:30:35.263 정보 [main] org.apache.tomcat.util.net.NioSelectorPool.getSharedSelector Using a shared selector for servlet write/read
02-May-2020 06:30:35.279 정보 [main] org.apache.catalina.startup.Catalina.load Initialization processed in 1508 ms
02-May-2020 06:30:35.330 정보 [main] org.apache.catalina.core.StandardService.startInternal 서비스 [Catalina]을(를) 시작합니다.
02-May-2020 06:30:35.332 정보 [main] org.apache.catalina.core.StandardEngine.startInternal Starting Servlet Engine: Apache Tomcat/8.5.54
02-May-2020 06:30:35.342 정보 [localhost-startStop-1] org.apache.catalina.startup.HostConfig.deployDirectory 웹 애플리케이션 디렉토리 [D:\Study\IT\Language\JSP\study\tomcat\apache-tomcat-8.5.54\webapps\docs]을(를) 배치합니다.
02-May-2020 06:30:35.609 정보 [localhost-startStop-1] org.apache.catalina.startup.HostConfig.deployDirectory 웹 애플리케이션 디렉토리 [D:\Study\IT\Language\JSP\study\tomcat\apache-tomcat-8.5.54\webapps\docs]에 대한 배치가 [267] 밀리초에 완료되었습니다.
02-May-2020 06:30:35.625 정보 [localhost-startStop-1] org.apache.catalina.startup.HostConfig.deployDirectory 웹 애플리케이션 디렉토리 [D:\Study\IT\Language\JSP\study\tomcat\apache-tomcat-8.5.54\webapps\examples]을(를) 배치합니다.
02-May-2020 06:30:36.469 정보 [localhost-startStop-1] org.apache.catalina.startup.HostConfig.deployDirectory 웹 애플리케이션 디렉토리 [D:\Study\IT\Language\JSP\study\tomcat\apache-tomcat-8.5.54\webapps\examples]에 대한 배치가 [844] 밀리초에 완료되었습니다.
02-May-2020 06:30:36.469 정보 [localhost-startStop-1] org.apache.catalina.startup.HostConfig.deployDirectory 웹 애플리케이션 디렉토리 [D:\Study\IT\Language\JSP\study\tomcat\apache-tomcat-8.5.54\webapps\host-manager]을(를) 배치합니다.
02-May-2020 06:30:36.516 정보 [localhost-startStop-1] org.apache.catalina.startup.HostConfig.deployDirectory 웹 애플리케이션 디렉토리 [D:\Study\IT\Language\JSP\study\tomcat\apache-tomcat-8.5.54\webapps\host-manager]에 대한 배치가 [47] 밀리초에 완료되었습니다.
02-May-2020 06:30:36.516 정보 [localhost-startStop-1] org.apache.catalina.startup.HostConfig.deployDirectory 웹 애플리케이션 디렉토리 [D:\Study\IT\Language\JSP\study\tomcat\apache-tomcat-8.5.54\webapps\manager]을(를) 배치합니다.
02-May-2020 06:30:36.547 정보 [localhost-startStop-1] org.apache.catalina.startup.HostConfig.deployDirectory 웹 애플리케이션 디렉토리 [D:\Study\IT\Language\JSP\study\tomcat\apache-tomcat-8.5.54\webapps\manager]에 대한 배치가 [31] 밀리초에 완료되었습니다.
02-May-2020 06:30:36.547 정보 [localhost-startStop-1] org.apache.catalina.startup.HostConfig.deployDirectory 웹 애플리케이션 디렉토리 [D:\Study\IT\Language\JSP\study\tomcat\apache-tomcat-8.5.54\webapps\ROOT]을(를) 배치합니다.
02-May-2020 06:30:36.578 정보 [localhost-startStop-1] org.apache.catalina.startup.HostConfig.deployDirectory 웹 애플리케이션 디렉토리 [D:\Study\IT\Language\JSP\study\tomcat\apache-tomcat-8.5.54\webapps\ROOT]에 대한 배치가 [31] 밀리초에 완료되었습니다.
02-May-2020 06:30:36.578 정보 [main] org.apache.coyote.AbstractProtocol.start 프로토콜 핸들러 ["http-nio-8080"]을(를) 시작합니다.
02-May-2020 06:30:36.594 정보 [main] org.apache.catalina.startup.Catalina.start Server startup in 1303 ms
